mode: atomic
github.com\joshprzybyszewski\sudoku_fun\matt\sudoku\2d\utils\solve.go:5.36,8.47 3 1
github.com\joshprzybyszewski\sudoku_fun\matt\sudoku\2d\utils\solve.go:11.2,11.26 1 0
github.com\joshprzybyszewski\sudoku_fun\matt\sudoku\2d\utils\solve.go:8.47,10.3 1 1
github.com\joshprzybyszewski\sudoku_fun\matt\sudoku\2d\utils\solve.go:14.54,15.18 1 87
github.com\joshprzybyszewski\sudoku_fun\matt\sudoku\2d\utils\solve.go:19.2,20.32 2 86
github.com\joshprzybyszewski\sudoku_fun\matt\sudoku\2d\utils\solve.go:28.2,28.25 1 5
github.com\joshprzybyszewski\sudoku_fun\matt\sudoku\2d\utils\solve.go:15.18,17.3 1 1
github.com\joshprzybyszewski\sudoku_fun\matt\sudoku\2d\utils\solve.go:20.32,21.53 1 86
github.com\joshprzybyszewski\sudoku_fun\matt\sudoku\2d\utils\solve.go:21.53,23.56 2 86
github.com\joshprzybyszewski\sudoku_fun\matt\sudoku\2d\utils\solve.go:23.56,25.5 1 81
github.com\joshprzybyszewski\sudoku_fun\matt\sudoku\2d\utils\values.go:22.44,23.28 1 420
github.com\joshprzybyszewski\sudoku_fun\matt\sudoku\2d\utils\values.go:26.2,26.27 1 418
github.com\joshprzybyszewski\sudoku_fun\matt\sudoku\2d\utils\values.go:23.28,25.3 1 2
github.com\joshprzybyszewski\sudoku_fun\matt\sudoku\2d\utils\values.go:29.49,31.2 1 420
github.com\joshprzybyszewski\sudoku_fun\matt\sudoku\2d\utils\values.go:33.54,35.15 2 14433
github.com\joshprzybyszewski\sudoku_fun\matt\sudoku\2d\utils\values.go:55.2,55.20 1 14433
github.com\joshprzybyszewski\sudoku_fun\matt\sudoku\2d\utils\values.go:36.9,37.23 1 1717
github.com\joshprzybyszewski\sudoku_fun\matt\sudoku\2d\utils\values.go:38.9,39.23 1 1638
github.com\joshprzybyszewski\sudoku_fun\matt\sudoku\2d\utils\values.go:40.9,41.25 1 1601
github.com\joshprzybyszewski\sudoku_fun\matt\sudoku\2d\utils\values.go:42.9,43.24 1 1560
github.com\joshprzybyszewski\sudoku_fun\matt\sudoku\2d\utils\values.go:44.9,45.24 1 1560
github.com\joshprzybyszewski\sudoku_fun\matt\sudoku\2d\utils\values.go:46.9,47.23 1 1560
github.com\joshprzybyszewski\sudoku_fun\matt\sudoku\2d\utils\values.go:48.9,49.25 1 1638
github.com\joshprzybyszewski\sudoku_fun\matt\sudoku\2d\utils\values.go:50.9,51.25 1 1521
github.com\joshprzybyszewski\sudoku_fun\matt\sudoku\2d\utils\values.go:52.9,53.24 1 1638
github.com\joshprzybyszewski\sudoku_fun\matt\sudoku\2d\utils\values.go:58.38,60.25 2 33017
github.com\joshprzybyszewski\sudoku_fun\matt\sudoku\2d\utils\values.go:66.2,66.12 1 33017
github.com\joshprzybyszewski\sudoku_fun\matt\sudoku\2d\utils\values.go:60.25,61.23 1 208922
github.com\joshprzybyszewski\sudoku_fun\matt\sudoku\2d\utils\values.go:64.3,64.13 1 208922
github.com\joshprzybyszewski\sudoku_fun\matt\sudoku\2d\utils\values.go:61.23,63.4 1 96288
github.com\joshprzybyszewski\sudoku_fun\matt\sudoku\2d\utils\values.go:69.40,71.25 2 97
github.com\joshprzybyszewski\sudoku_fun\matt\sudoku\2d\utils\values.go:77.2,77.15 1 97
github.com\joshprzybyszewski\sudoku_fun\matt\sudoku\2d\utils\values.go:71.25,72.23 1 694
github.com\joshprzybyszewski\sudoku_fun\matt\sudoku\2d\utils\values.go:75.3,75.13 1 694
github.com\joshprzybyszewski\sudoku_fun\matt\sudoku\2d\utils\values.go:72.23,74.4 1 221
github.com\joshprzybyszewski\sudoku_fun\matt\sudoku\2d\utils\values.go:80.44,82.2 1 87
github.com\joshprzybyszewski\sudoku_fun\matt\sudoku\2d\utils\values.go:84.38,86.2 1 0
github.com\joshprzybyszewski\sudoku_fun\matt\sudoku\2d\utils\board.go:11.31,13.29 2 1
github.com\joshprzybyszewski\sudoku_fun\matt\sudoku\2d\utils\board.go:31.2,32.36 2 1
github.com\joshprzybyszewski\sudoku_fun\matt\sudoku\2d\utils\board.go:13.29,15.34 2 9
github.com\joshprzybyszewski\sudoku_fun\matt\sudoku\2d\utils\board.go:25.3,26.20 2 9
github.com\joshprzybyszewski\sudoku_fun\matt\sudoku\2d\utils\board.go:29.3,29.62 1 9
github.com\joshprzybyszewski\sudoku_fun\matt\sudoku\2d\utils\board.go:15.34,16.21 1 81
github.com\joshprzybyszewski\sudoku_fun\matt\sudoku\2d\utils\board.go:19.4,19.18 1 81
github.com\joshprzybyszewski\sudoku_fun\matt\sudoku\2d\utils\board.go:16.21,18.5 1 27
github.com\joshprzybyszewski\sudoku_fun\matt\sudoku\2d\utils\board.go:19.18,21.5 1 0
github.com\joshprzybyszewski\sudoku_fun\matt\sudoku\2d\utils\board.go:21.5,23.5 1 81
github.com\joshprzybyszewski\sudoku_fun\matt\sudoku\2d\utils\board.go:26.20,28.4 1 3
github.com\joshprzybyszewski\sudoku_fun\matt\sudoku\2d\utils\board.go:42.38,42.55 1 87
github.com\joshprzybyszewski\sudoku_fun\matt\sudoku\2d\utils\board.go:43.48,46.17 3 16508
github.com\joshprzybyszewski\sudoku_fun\matt\sudoku\2d\utils\board.go:49.2,49.18 1 12808
github.com\joshprzybyszewski\sudoku_fun\matt\sudoku\2d\utils\board.go:52.2,52.14 1 1449
github.com\joshprzybyszewski\sudoku_fun\matt\sudoku\2d\utils\board.go:46.17,48.3 1 3700
github.com\joshprzybyszewski\sudoku_fun\matt\sudoku\2d\utils\board.go:49.18,51.3 1 11359
github.com\joshprzybyszewski\sudoku_fun\matt\sudoku\2d\utils\board.go:54.43,54.70 1 3904
github.com\joshprzybyszewski\sudoku_fun\matt\sudoku\2d\utils\board.go:56.30,58.25 2 91
github.com\joshprzybyszewski\sudoku_fun\matt\sudoku\2d\utils\board.go:63.2,63.11 1 91
github.com\joshprzybyszewski\sudoku_fun\matt\sudoku\2d\utils\board.go:58.25,59.26 1 819
github.com\joshprzybyszewski\sudoku_fun\matt\sudoku\2d\utils\board.go:59.26,61.4 1 7371
github.com\joshprzybyszewski\sudoku_fun\matt\sudoku\2d\utils\board.go:66.42,68.2 1 9828
github.com\joshprzybyszewski\sudoku_fun\matt\sudoku\2d\utils\board.go:79.22,81.2 1 93
github.com\joshprzybyszewski\sudoku_fun\matt\sudoku\2d\utils\board.go:83.42,92.28 2 100
github.com\joshprzybyszewski\sudoku_fun\matt\sudoku\2d\utils\board.go:103.2,103.10 1 100
github.com\joshprzybyszewski\sudoku_fun\matt\sudoku\2d\utils\board.go:92.28,93.29 1 900
github.com\joshprzybyszewski\sudoku_fun\matt\sudoku\2d\utils\board.go:93.29,94.18 1 8100
github.com\joshprzybyszewski\sudoku_fun\matt\sudoku\2d\utils\board.go:98.4,100.12 3 279
github.com\joshprzybyszewski\sudoku_fun\matt\sudoku\2d\utils\board.go:94.18,95.13 1 7821
github.com\joshprzybyszewski\sudoku_fun\matt\sudoku\2d\utils\board.go:106.29,108.2 1 0
github.com\joshprzybyszewski\sudoku_fun\matt\sudoku\2d\utils\board.go:110.30,115.36 4 91
github.com\joshprzybyszewski\sudoku_fun\matt\sudoku\2d\utils\board.go:119.2,119.39 1 91
github.com\joshprzybyszewski\sudoku_fun\matt\sudoku\2d\utils\board.go:124.2,124.40 1 91
github.com\joshprzybyszewski\sudoku_fun\matt\sudoku\2d\utils\board.go:129.2,129.11 1 91
github.com\joshprzybyszewski\sudoku_fun\matt\sudoku\2d\utils\board.go:115.36,118.3 2 819
github.com\joshprzybyszewski\sudoku_fun\matt\sudoku\2d\utils\board.go:119.39,120.28 1 273
github.com\joshprzybyszewski\sudoku_fun\matt\sudoku\2d\utils\board.go:120.28,122.4 1 819
github.com\joshprzybyszewski\sudoku_fun\matt\sudoku\2d\utils\board.go:124.40,125.28 1 819
github.com\joshprzybyszewski\sudoku_fun\matt\sudoku\2d\utils\board.go:125.28,127.4 1 7371
github.com\joshprzybyszewski\sudoku_fun\matt\sudoku\2d\utils\board.go:133.43,134.26 1 91
github.com\joshprzybyszewski\sudoku_fun\matt\sudoku\2d\utils\board.go:138.2,139.14 2 91
github.com\joshprzybyszewski\sudoku_fun\matt\sudoku\2d\utils\board.go:142.2,142.12 1 91
github.com\joshprzybyszewski\sudoku_fun\matt\sudoku\2d\utils\board.go:134.26,136.3 1 0
github.com\joshprzybyszewski\sudoku_fun\matt\sudoku\2d\utils\board.go:139.14,141.3 1 91
github.com\joshprzybyszewski\sudoku_fun\matt\sudoku\2d\utils\board.go:146.50,147.67 1 135
github.com\joshprzybyszewski\sudoku_fun\matt\sudoku\2d\utils\board.go:151.2,155.46 2 128
github.com\joshprzybyszewski\sudoku_fun\matt\sudoku\2d\utils\board.go:160.2,166.68 6 91
github.com\joshprzybyszewski\sudoku_fun\matt\sudoku\2d\utils\board.go:147.67,149.3 1 7
github.com\joshprzybyszewski\sudoku_fun\matt\sudoku\2d\utils\board.go:155.46,157.3 1 37
github.com\joshprzybyszewski\sudoku_fun\matt\sudoku\2d\utils\board.go:169.32,171.2 1 222
github.com\joshprzybyszewski\sudoku_fun\matt\sudoku\2d\utils\board.go:173.55,174.33 1 135
github.com\joshprzybyszewski\sudoku_fun\matt\sudoku\2d\utils\board.go:178.2,182.17 5 91
github.com\joshprzybyszewski\sudoku_fun\matt\sudoku\2d\utils\board.go:174.33,176.3 1 44
github.com\joshprzybyszewski\sudoku_fun\matt\sudoku\2d\utils\board.go:185.49,189.25 3 370
github.com\joshprzybyszewski\sudoku_fun\matt\sudoku\2d\utils\board.go:197.2,197.25 1 370
github.com\joshprzybyszewski\sudoku_fun\matt\sudoku\2d\utils\board.go:206.2,208.79 3 370
github.com\joshprzybyszewski\sudoku_fun\matt\sudoku\2d\utils\board.go:189.25,191.40 2 3330
github.com\joshprzybyszewski\sudoku_fun\matt\sudoku\2d\utils\board.go:191.40,192.27 1 1110
github.com\joshprzybyszewski\sudoku_fun\matt\sudoku\2d\utils\board.go:192.27,194.5 1 3330
github.com\joshprzybyszewski\sudoku_fun\matt\sudoku\2d\utils\board.go:197.25,199.40 2 3330
github.com\joshprzybyszewski\sudoku_fun\matt\sudoku\2d\utils\board.go:199.40,200.27 1 1110
github.com\joshprzybyszewski\sudoku_fun\matt\sudoku\2d\utils\board.go:200.27,202.5 1 3330
github.com\joshprzybyszewski\sudoku_fun\matt\sudoku\2d\utils\board.go:211.31,213.2 1 1
github.com\joshprzybyszewski\sudoku_fun\matt\sudoku\2d\utils\board.go:215.33,216.25 1 0
github.com\joshprzybyszewski\sudoku_fun\matt\sudoku\2d\utils\board.go:223.2,223.13 1 0
github.com\joshprzybyszewski\sudoku_fun\matt\sudoku\2d\utils\board.go:216.25,217.26 1 0
github.com\joshprzybyszewski\sudoku_fun\matt\sudoku\2d\utils\board.go:217.26,218.71 1 0
github.com\joshprzybyszewski\sudoku_fun\matt\sudoku\2d\utils\board.go:218.71,220.5 1 0
github.com\joshprzybyszewski\sudoku_fun\matt\sudoku\2d\utils\board.go:226.61,229.25 2 90
github.com\joshprzybyszewski\sudoku_fun\matt\sudoku\2d\utils\board.go:244.2,244.36 1 87
github.com\joshprzybyszewski\sudoku_fun\matt\sudoku\2d\utils\board.go:250.2,250.20 1 0
github.com\joshprzybyszewski\sudoku_fun\matt\sudoku\2d\utils\board.go:229.25,230.26 1 789
github.com\joshprzybyszewski\sudoku_fun\matt\sudoku\2d\utils\board.go:230.26,231.71 1 7086
github.com\joshprzybyszewski\sudoku_fun\matt\sudoku\2d\utils\board.go:238.4,238.71 1 7086
github.com\joshprzybyszewski\sudoku_fun\matt\sudoku\2d\utils\board.go:231.71,237.5 1 3652
github.com\joshprzybyszewski\sudoku_fun\matt\sudoku\2d\utils\board.go:238.71,240.5 1 3
github.com\joshprzybyszewski\sudoku_fun\matt\sudoku\2d\utils\board.go:244.36,249.3 3 87
github.com\joshprzybyszewski\sudoku_fun\matt\sudoku\3d\utils\cube.go:23.34,23.51 1 0
github.com\joshprzybyszewski\sudoku_fun\matt\sudoku\3d\utils\cube.go:24.44,27.17 3 0
github.com\joshprzybyszewski\sudoku_fun\matt\sudoku\3d\utils\cube.go:30.2,30.18 1 0
github.com\joshprzybyszewski\sudoku_fun\matt\sudoku\3d\utils\cube.go:33.2,33.14 1 0
github.com\joshprzybyszewski\sudoku_fun\matt\sudoku\3d\utils\cube.go:27.17,29.3 1 0
github.com\joshprzybyszewski\sudoku_fun\matt\sudoku\3d\utils\cube.go:30.18,32.3 1 0
github.com\joshprzybyszewski\sudoku_fun\matt\sudoku\3d\utils\cube.go:35.39,35.66 1 0
github.com\joshprzybyszewski\sudoku_fun\matt\sudoku\3d\utils\cube.go:37.22,43.30 2 0
github.com\joshprzybyszewski\sudoku_fun\matt\sudoku\3d\utils\cube.go:48.2,48.30 1 0
github.com\joshprzybyszewski\sudoku_fun\matt\sudoku\3d\utils\cube.go:53.2,53.30 1 0
github.com\joshprzybyszewski\sudoku_fun\matt\sudoku\3d\utils\cube.go:58.2,58.10 1 0
github.com\joshprzybyszewski\sudoku_fun\matt\sudoku\3d\utils\cube.go:43.30,44.15 1 0
github.com\joshprzybyszewski\sudoku_fun\matt\sudoku\3d\utils\cube.go:44.15,46.4 1 0
github.com\joshprzybyszewski\sudoku_fun\matt\sudoku\3d\utils\cube.go:48.30,49.15 1 0
github.com\joshprzybyszewski\sudoku_fun\matt\sudoku\3d\utils\cube.go:49.15,51.4 1 0
github.com\joshprzybyszewski\sudoku_fun\matt\sudoku\3d\utils\cube.go:53.30,54.15 1 0
github.com\joshprzybyszewski\sudoku_fun\matt\sudoku\3d\utils\cube.go:54.15,56.4 1 0
github.com\joshprzybyszewski\sudoku_fun\matt\sudoku\3d\utils\cube.go:61.60,67.33 2 0
github.com\joshprzybyszewski\sudoku_fun\matt\sudoku\3d\utils\cube.go:72.2,72.30 1 0
github.com\joshprzybyszewski\sudoku_fun\matt\sudoku\3d\utils\cube.go:77.2,77.30 1 0
github.com\joshprzybyszewski\sudoku_fun\matt\sudoku\3d\utils\cube.go:82.2,82.10 1 0
github.com\joshprzybyszewski\sudoku_fun\matt\sudoku\3d\utils\cube.go:67.33,68.15 1 0
github.com\joshprzybyszewski\sudoku_fun\matt\sudoku\3d\utils\cube.go:68.15,70.4 1 0
github.com\joshprzybyszewski\sudoku_fun\matt\sudoku\3d\utils\cube.go:72.30,73.15 1 0
github.com\joshprzybyszewski\sudoku_fun\matt\sudoku\3d\utils\cube.go:73.15,75.4 1 0
github.com\joshprzybyszewski\sudoku_fun\matt\sudoku\3d\utils\cube.go:77.30,78.15 1 0
github.com\joshprzybyszewski\sudoku_fun\matt\sudoku\3d\utils\cube.go:78.15,80.4 1 0
github.com\joshprzybyszewski\sudoku_fun\matt\sudoku\3d\utils\cube.go:85.30,87.30 2 0
github.com\joshprzybyszewski\sudoku_fun\matt\sudoku\3d\utils\cube.go:90.2,90.30 1 0
github.com\joshprzybyszewski\sudoku_fun\matt\sudoku\3d\utils\cube.go:93.2,93.30 1 0
github.com\joshprzybyszewski\sudoku_fun\matt\sudoku\3d\utils\cube.go:96.2,96.11 1 0
github.com\joshprzybyszewski\sudoku_fun\matt\sudoku\3d\utils\cube.go:87.30,89.3 1 0
github.com\joshprzybyszewski\sudoku_fun\matt\sudoku\3d\utils\cube.go:90.30,92.3 1 0
github.com\joshprzybyszewski\sudoku_fun\matt\sudoku\3d\utils\cube.go:93.30,95.3 1 0
github.com\joshprzybyszewski\sudoku_fun\matt\sudoku\3d\utils\cube.go:100.33,101.30 1 0
github.com\joshprzybyszewski\sudoku_fun\matt\sudoku\3d\utils\cube.go:106.2,106.30 1 0
github.com\joshprzybyszewski\sudoku_fun\matt\sudoku\3d\utils\cube.go:111.2,111.30 1 0
github.com\joshprzybyszewski\sudoku_fun\matt\sudoku\3d\utils\cube.go:116.2,116.13 1 0
github.com\joshprzybyszewski\sudoku_fun\matt\sudoku\3d\utils\cube.go:101.30,102.21 1 0
github.com\joshprzybyszewski\sudoku_fun\matt\sudoku\3d\utils\cube.go:102.21,104.4 1 0
github.com\joshprzybyszewski\sudoku_fun\matt\sudoku\3d\utils\cube.go:106.30,107.21 1 0
github.com\joshprzybyszewski\sudoku_fun\matt\sudoku\3d\utils\cube.go:107.21,109.4 1 0
github.com\joshprzybyszewski\sudoku_fun\matt\sudoku\3d\utils\cube.go:111.30,112.21 1 0
github.com\joshprzybyszewski\sudoku_fun\matt\sudoku\3d\utils\cube.go:112.21,114.4 1 0
github.com\joshprzybyszewski\sudoku_fun\matt\sudoku\3d\utils\cube.go:120.53,121.44 1 0
github.com\joshprzybyszewski\sudoku_fun\matt\sudoku\3d\utils\cube.go:124.2,124.44 1 0
github.com\joshprzybyszewski\sudoku_fun\matt\sudoku\3d\utils\cube.go:127.2,127.46 1 0
github.com\joshprzybyszewski\sudoku_fun\matt\sudoku\3d\utils\cube.go:121.44,123.3 1 0
github.com\joshprzybyszewski\sudoku_fun\matt\sudoku\3d\utils\cube.go:124.44,126.3 1 0
github.com\joshprzybyszewski\sudoku_fun\matt\sudoku\3d\utils\cube.go:130.58,131.36 1 0
github.com\joshprzybyszewski\sudoku_fun\matt\sudoku\3d\utils\cube.go:135.2,137.9 3 0
github.com\joshprzybyszewski\sudoku_fun\matt\sudoku\3d\utils\cube.go:141.2,142.9 2 0
github.com\joshprzybyszewski\sudoku_fun\matt\sudoku\3d\utils\cube.go:146.2,147.9 2 0
github.com\joshprzybyszewski\sudoku_fun\matt\sudoku\3d\utils\cube.go:150.2,153.17 4 0
github.com\joshprzybyszewski\sudoku_fun\matt\sudoku\3d\utils\cube.go:131.36,133.3 1 0
github.com\joshprzybyszewski\sudoku_fun\matt\sudoku\3d\utils\cube.go:137.9,139.3 1 0
github.com\joshprzybyszewski\sudoku_fun\matt\sudoku\3d\utils\cube.go:142.9,144.3 1 0
github.com\joshprzybyszewski\sudoku_fun\matt\sudoku\3d\utils\cube.go:147.9,149.3 1 0
github.com\joshprzybyszewski\sudoku_fun\matt\sudoku\3d\utils\cube.go:156.32,157.30 1 0
github.com\joshprzybyszewski\sudoku_fun\matt\sudoku\3d\utils\cube.go:162.2,162.13 1 0
github.com\joshprzybyszewski\sudoku_fun\matt\sudoku\3d\utils\cube.go:157.30,158.20 1 0
github.com\joshprzybyszewski\sudoku_fun\matt\sudoku\3d\utils\cube.go:158.20,160.4 1 0
github.com\joshprzybyszewski\sudoku_fun\matt\sudoku\3d\utils\cube.go:165.65,167.30 2 0
github.com\joshprzybyszewski\sudoku_fun\matt\sudoku\3d\utils\cube.go:180.2,180.30 1 0
github.com\joshprzybyszewski\sudoku_fun\matt\sudoku\3d\utils\cube.go:193.2,193.30 1 0
github.com\joshprzybyszewski\sudoku_fun\matt\sudoku\3d\utils\cube.go:207.2,208.19 2 0
github.com\joshprzybyszewski\sudoku_fun\matt\sudoku\3d\utils\cube.go:212.2,212.57 1 0
github.com\joshprzybyszewski\sudoku_fun\matt\sudoku\3d\utils\cube.go:167.30,169.23 2 0
github.com\joshprzybyszewski\sudoku_fun\matt\sudoku\3d\utils\cube.go:169.23,176.4 1 0
github.com\joshprzybyszewski\sudoku_fun\matt\sudoku\3d\utils\cube.go:176.4,176.48 1 0
github.com\joshprzybyszewski\sudoku_fun\matt\sudoku\3d\utils\cube.go:176.48,178.4 1 0
github.com\joshprzybyszewski\sudoku_fun\matt\sudoku\3d\utils\cube.go:180.30,182.23 2 0
github.com\joshprzybyszewski\sudoku_fun\matt\sudoku\3d\utils\cube.go:182.23,189.4 1 0
github.com\joshprzybyszewski\sudoku_fun\matt\sudoku\3d\utils\cube.go:189.4,189.48 1 0
github.com\joshprzybyszewski\sudoku_fun\matt\sudoku\3d\utils\cube.go:189.48,191.4 1 0
github.com\joshprzybyszewski\sudoku_fun\matt\sudoku\3d\utils\cube.go:193.30,195.23 2 0
github.com\joshprzybyszewski\sudoku_fun\matt\sudoku\3d\utils\cube.go:195.23,202.4 1 0
github.com\joshprzybyszewski\sudoku_fun\matt\sudoku\3d\utils\cube.go:202.4,202.48 1 0
github.com\joshprzybyszewski\sudoku_fun\matt\sudoku\3d\utils\cube.go:202.48,204.4 1 0
github.com\joshprzybyszewski\sudoku_fun\matt\sudoku\3d\utils\cube.go:208.19,210.3 1 0
github.com\joshprzybyszewski\sudoku_fun\matt\sudoku\3d\utils\cube.go:215.31,217.30 2 0
github.com\joshprzybyszewski\sudoku_fun\matt\sudoku\3d\utils\cube.go:220.2,220.32 1 0
github.com\joshprzybyszewski\sudoku_fun\matt\sudoku\3d\utils\cube.go:217.30,219.3 1 0
github.com\joshprzybyszewski\sudoku_fun\matt\sudoku\3d\utils\solve.go:8.29,11.47 3 0
github.com\joshprzybyszewski\sudoku_fun\matt\sudoku\3d\utils\solve.go:14.2,14.22 1 0
github.com\joshprzybyszewski\sudoku_fun\matt\sudoku\3d\utils\solve.go:11.47,13.3 1 0
github.com\joshprzybyszewski\sudoku_fun\matt\sudoku\3d\utils\solve.go:17.67,18.18 1 0
github.com\joshprzybyszewski\sudoku_fun\matt\sudoku\3d\utils\solve.go:22.2,23.32 2 0
github.com\joshprzybyszewski\sudoku_fun\matt\sudoku\3d\utils\solve.go:35.2,35.19 1 0
github.com\joshprzybyszewski\sudoku_fun\matt\sudoku\3d\utils\solve.go:18.18,20.3 1 0
github.com\joshprzybyszewski\sudoku_fun\matt\sudoku\3d\utils\solve.go:23.32,24.61 1 0
github.com\joshprzybyszewski\sudoku_fun\matt\sudoku\3d\utils\solve.go:24.61,30.65 2 0
github.com\joshprzybyszewski\sudoku_fun\matt\sudoku\3d\utils\solve.go:30.65,32.5 1 0
github.com\joshprzybyszewski\sudoku_fun\twodee_bitwise\sudoku_bitshift20.go:14.95,16.16 2 0
github.com\joshprzybyszewski\sudoku_fun\twodee_bitwise\sudoku_bitshift20.go:21.2,25.16 4 0
github.com\joshprzybyszewski\sudoku_fun\twodee_bitwise\sudoku_bitshift20.go:30.2,30.50 1 0
github.com\joshprzybyszewski\sudoku_fun\twodee_bitwise\sudoku_bitshift20.go:36.2,36.69 1 0
github.com\joshprzybyszewski\sudoku_fun\twodee_bitwise\sudoku_bitshift20.go:16.16,19.3 2 0
github.com\joshprzybyszewski\sudoku_fun\twodee_bitwise\sudoku_bitshift20.go:25.16,28.3 2 0
github.com\joshprzybyszewski\sudoku_fun\twodee_bitwise\sudoku_bitshift20.go:30.50,34.3 3 0
github.com\joshprzybyszewski\sudoku_fun\twodee_bitwise\common\smartPuzzle.go:31.43,34.41 2 0
github.com\joshprzybyszewski\sudoku_fun\twodee_bitwise\common\smartPuzzle.go:40.2,42.12 2 0
github.com\joshprzybyszewski\sudoku_fun\twodee_bitwise\common\smartPuzzle.go:34.41,38.3 3 0
github.com\joshprzybyszewski\sudoku_fun\twodee_bitwise\common\smartPuzzle.go:46.75,49.32 3 0
github.com\joshprzybyszewski\sudoku_fun\twodee_bitwise\common\smartPuzzle.go:65.2,65.17 1 0
github.com\joshprzybyszewski\sudoku_fun\twodee_bitwise\common\smartPuzzle.go:49.32,53.57 3 0
github.com\joshprzybyszewski\sudoku_fun\twodee_bitwise\common\smartPuzzle.go:57.3,60.95 4 0
github.com\joshprzybyszewski\sudoku_fun\twodee_bitwise\common\smartPuzzle.go:53.57,54.12 1 0
github.com\joshprzybyszewski\sudoku_fun\twodee_bitwise\common\smartPuzzle.go:60.95,62.4 1 0
github.com\joshprzybyszewski\sudoku_fun\twodee_bitwise\common\smartPuzzle.go:68.45,70.2 1 0
github.com\joshprzybyszewski\sudoku_fun\twodee_bitwise\common\smartPuzzle.go:71.41,74.25 2 0
github.com\joshprzybyszewski\sudoku_fun\twodee_bitwise\common\smartPuzzle.go:84.2,84.13 1 0
github.com\joshprzybyszewski\sudoku_fun\twodee_bitwise\common\smartPuzzle.go:74.25,75.29 1 0
github.com\joshprzybyszewski\sudoku_fun\twodee_bitwise\common\smartPuzzle.go:75.29,76.44 1 0
github.com\joshprzybyszewski\sudoku_fun\twodee_bitwise\common\smartPuzzle.go:76.44,78.5 1 0
github.com\joshprzybyszewski\sudoku_fun\twodee_bitwise\common\smartPuzzle.go:78.5,80.5 1 0
github.com\joshprzybyszewski\sudoku_fun\twodee_bitwise\common\smartPuzzle.go:86.36,88.2 1 0
github.com\joshprzybyszewski\sudoku_fun\twodee_bitwise\common\smartPuzzle.go:89.36,90.25 1 0
github.com\joshprzybyszewski\sudoku_fun\twodee_bitwise\common\smartPuzzle.go:90.25,93.29 2 0
github.com\joshprzybyszewski\sudoku_fun\twodee_bitwise\common\smartPuzzle.go:109.3,111.23 2 0
github.com\joshprzybyszewski\sudoku_fun\twodee_bitwise\common\smartPuzzle.go:93.29,96.44 2 0
github.com\joshprzybyszewski\sudoku_fun\twodee_bitwise\common\smartPuzzle.go:102.4,104.24 2 0
github.com\joshprzybyszewski\sudoku_fun\twodee_bitwise\common\smartPuzzle.go:96.44,98.5 1 0
github.com\joshprzybyszewski\sudoku_fun\twodee_bitwise\common\smartPuzzle.go:98.5,100.5 1 0
github.com\joshprzybyszewski\sudoku_fun\twodee_bitwise\common\smartPuzzle.go:104.24,106.5 1 0
github.com\joshprzybyszewski\sudoku_fun\twodee_bitwise\common\smartPuzzle.go:111.23,113.4 1 0
github.com\joshprzybyszewski\sudoku_fun\twodee_bitwise\common\smartPuzzle.go:117.65,120.2 2 0
github.com\joshprzybyszewski\sudoku_fun\twodee_bitwise\common\smartPuzzle.go:122.89,123.74 1 5
github.com\joshprzybyszewski\sudoku_fun\twodee_bitwise\common\smartPuzzle.go:127.2,127.12 1 2
github.com\joshprzybyszewski\sudoku_fun\twodee_bitwise\common\smartPuzzle.go:123.74,125.3 1 3
github.com\joshprzybyszewski\sudoku_fun\twodee_bitwise\common\smartPuzzle.go:130.81,135.67 3 5
github.com\joshprzybyszewski\sudoku_fun\twodee_bitwise\common\smartPuzzle.go:139.2,151.18 9 2
github.com\joshprzybyszewski\sudoku_fun\twodee_bitwise\common\smartPuzzle.go:135.67,137.3 1 3
github.com\joshprzybyszewski\sudoku_fun\twodee_bitwise\common\smartPuzzle.go:154.44,160.2 3 1
github.com\joshprzybyszewski\sudoku_fun\twodee_bitwise\naive\puzzle.go:26.55,30.36 3 6
github.com\joshprzybyszewski\sudoku_fun\twodee_bitwise\naive\puzzle.go:45.2,45.17 1 5
github.com\joshprzybyszewski\sudoku_fun\twodee_bitwise\naive\puzzle.go:30.36,34.57 3 407
github.com\joshprzybyszewski\sudoku_fun\twodee_bitwise\naive\puzzle.go:38.3,40.90 3 138
github.com\joshprzybyszewski\sudoku_fun\twodee_bitwise\naive\puzzle.go:34.57,35.12 1 269
github.com\joshprzybyszewski\sudoku_fun\twodee_bitwise\naive\puzzle.go:40.90,42.4 1 1
github.com\joshprzybyszewski\sudoku_fun\twodee_bitwise\naive\puzzle.go:48.40,50.2 1 4
github.com\joshprzybyszewski\sudoku_fun\twodee_bitwise\naive\puzzle.go:51.36,54.25 2 6
github.com\joshprzybyszewski\sudoku_fun\twodee_bitwise\naive\puzzle.go:64.2,64.13 1 6
github.com\joshprzybyszewski\sudoku_fun\twodee_bitwise\naive\puzzle.go:54.25,55.29 1 54
github.com\joshprzybyszewski\sudoku_fun\twodee_bitwise\naive\puzzle.go:55.29,56.44 1 486
github.com\joshprzybyszewski\sudoku_fun\twodee_bitwise\naive\puzzle.go:56.44,58.5 1 112
github.com\joshprzybyszewski\sudoku_fun\twodee_bitwise\naive\puzzle.go:58.5,60.5 1 374
github.com\joshprzybyszewski\sudoku_fun\twodee_bitwise\naive\puzzle.go:66.31,68.2 1 0
github.com\joshprzybyszewski\sudoku_fun\twodee_bitwise\naive\puzzle.go:69.31,70.25 1 0
github.com\joshprzybyszewski\sudoku_fun\twodee_bitwise\naive\puzzle.go:70.25,73.29 2 0
github.com\joshprzybyszewski\sudoku_fun\twodee_bitwise\naive\puzzle.go:89.3,91.23 2 0
github.com\joshprzybyszewski\sudoku_fun\twodee_bitwise\naive\puzzle.go:73.29,76.44 2 0
github.com\joshprzybyszewski\sudoku_fun\twodee_bitwise\naive\puzzle.go:82.4,84.24 2 0
github.com\joshprzybyszewski\sudoku_fun\twodee_bitwise\naive\puzzle.go:76.44,78.5 1 0
github.com\joshprzybyszewski\sudoku_fun\twodee_bitwise\naive\puzzle.go:78.5,80.5 1 0
github.com\joshprzybyszewski\sudoku_fun\twodee_bitwise\naive\puzzle.go:84.24,86.5 1 0
github.com\joshprzybyszewski\sudoku_fun\twodee_bitwise\naive\puzzle.go:91.23,93.4 1 0
github.com\joshprzybyszewski\sudoku_fun\twodee_bitwise\naive\puzzle.go:96.60,100.2 2 2
github.com\joshprzybyszewski\sudoku_fun\twodee_bitwise\naive\puzzle.go:102.34,107.25 3 10167
github.com\joshprzybyszewski\sudoku_fun\twodee_bitwise\naive\puzzle.go:113.2,113.41 1 10167
github.com\joshprzybyszewski\sudoku_fun\twodee_bitwise\naive\puzzle.go:119.2,119.15 1 10167
github.com\joshprzybyszewski\sudoku_fun\twodee_bitwise\naive\puzzle.go:107.25,108.29 1 91503
github.com\joshprzybyszewski\sudoku_fun\twodee_bitwise\naive\puzzle.go:108.29,110.4 1 823527
github.com\joshprzybyszewski\sudoku_fun\twodee_bitwise\naive\puzzle.go:113.41,117.3 3 91503
github.com\joshprzybyszewski\sudoku_fun\twodee_bitwise\naive\puzzle.go:122.91,124.16 2 10168
github.com\joshprzybyszewski\sudoku_fun\twodee_bitwise\naive\puzzle.go:128.2,129.16 2 10168
github.com\joshprzybyszewski\sudoku_fun\twodee_bitwise\naive\puzzle.go:133.2,138.23 5 10168
github.com\joshprzybyszewski\sudoku_fun\twodee_bitwise\naive\puzzle.go:142.2,142.31 1 7214
github.com\joshprzybyszewski\sudoku_fun\twodee_bitwise\naive\puzzle.go:124.16,126.3 1 0
github.com\joshprzybyszewski\sudoku_fun\twodee_bitwise\naive\puzzle.go:129.16,131.3 1 0
github.com\joshprzybyszewski\sudoku_fun\twodee_bitwise\naive\puzzle.go:138.23,140.3 1 2954
github.com\joshprzybyszewski\sudoku_fun\twodee_bitwise\naive\puzzle.go:150.59,151.25 1 10170
github.com\joshprzybyszewski\sudoku_fun\twodee_bitwise\naive\puzzle.go:162.2,162.56 1 0
github.com\joshprzybyszewski\sudoku_fun\twodee_bitwise\naive\puzzle.go:151.25,152.42 1 54512
github.com\joshprzybyszewski\sudoku_fun\twodee_bitwise\naive\puzzle.go:156.3,156.29 1 10170
github.com\joshprzybyszewski\sudoku_fun\twodee_bitwise\naive\puzzle.go:152.42,153.12 1 44342
github.com\joshprzybyszewski\sudoku_fun\twodee_bitwise\naive\puzzle.go:156.29,157.44 1 50589
github.com\joshprzybyszewski\sudoku_fun\twodee_bitwise\naive\puzzle.go:157.44,159.5 1 10170
github.com\joshprzybyszewski\sudoku_fun\twodee_bitwise\naive\puzzle.go:165.71,168.46 2 10309
github.com\joshprzybyszewski\sudoku_fun\twodee_bitwise\naive\puzzle.go:172.2,173.16 2 10308
github.com\joshprzybyszewski\sudoku_fun\twodee_bitwise\naive\puzzle.go:177.2,178.42 2 10308
github.com\joshprzybyszewski\sudoku_fun\twodee_bitwise\naive\puzzle.go:182.2,182.45 1 10308
github.com\joshprzybyszewski\sudoku_fun\twodee_bitwise\naive\puzzle.go:186.2,186.45 1 10306
github.com\joshprzybyszewski\sudoku_fun\twodee_bitwise\naive\puzzle.go:190.2,190.45 1 10305
github.com\joshprzybyszewski\sudoku_fun\twodee_bitwise\naive\puzzle.go:194.2,202.18 6 10304
github.com\joshprzybyszewski\sudoku_fun\twodee_bitwise\naive\puzzle.go:168.46,170.3 1 1
github.com\joshprzybyszewski\sudoku_fun\twodee_bitwise\naive\puzzle.go:173.16,175.3 1 0
github.com\joshprzybyszewski\sudoku_fun\twodee_bitwise\naive\puzzle.go:178.42,180.3 1 0
github.com\joshprzybyszewski\sudoku_fun\twodee_bitwise\naive\puzzle.go:182.45,184.3 1 2
github.com\joshprzybyszewski\sudoku_fun\twodee_bitwise\naive\puzzle.go:186.45,188.3 1 1
github.com\joshprzybyszewski\sudoku_fun\twodee_bitwise\naive\puzzle.go:190.45,192.3 1 1
github.com\joshprzybyszewski\sudoku_fun\twodee_bitwise\naive\puzzle.go:205.56,206.39 1 10168
github.com\joshprzybyszewski\sudoku_fun\twodee_bitwise\naive\puzzle.go:210.2,211.16 2 10166
github.com\joshprzybyszewski\sudoku_fun\twodee_bitwise\naive\puzzle.go:217.2,217.32 1 7212
github.com\joshprzybyszewski\sudoku_fun\twodee_bitwise\naive\puzzle.go:240.2,240.17 1 7100
github.com\joshprzybyszewski\sudoku_fun\twodee_bitwise\naive\puzzle.go:206.39,208.3 1 2
github.com\joshprzybyszewski\sudoku_fun\twodee_bitwise\naive\puzzle.go:211.16,215.3 1 2954
github.com\joshprzybyszewski\sudoku_fun\twodee_bitwise\naive\puzzle.go:217.32,222.17 3 10166
github.com\joshprzybyszewski\sudoku_fun\twodee_bitwise\naive\puzzle.go:227.3,227.16 1 10166
github.com\joshprzybyszewski\sudoku_fun\twodee_bitwise\naive\puzzle.go:222.17,225.4 0 0
github.com\joshprzybyszewski\sudoku_fun\twodee_bitwise\naive\puzzle.go:227.16,229.18 2 10166
github.com\joshprzybyszewski\sudoku_fun\twodee_bitwise\naive\puzzle.go:234.4,234.28 1 10166
github.com\joshprzybyszewski\sudoku_fun\twodee_bitwise\naive\puzzle.go:229.18,232.5 0 2954
github.com\joshprzybyszewski\sudoku_fun\twodee_bitwise\naive\puzzle.go:234.28,236.5 1 112
github.com\joshprzybyszewski\sudoku_fun\twodee_bitwise\robust\puzzle.go:29.25,32.41 2 6
github.com\joshprzybyszewski\sudoku_fun\twodee_bitwise\robust\puzzle.go:38.2,38.12 1 6
github.com\joshprzybyszewski\sudoku_fun\twodee_bitwise\robust\puzzle.go:32.41,36.3 3 54
github.com\joshprzybyszewski\sudoku_fun\twodee_bitwise\robust\puzzle.go:42.51,46.32 3 6
github.com\joshprzybyszewski\sudoku_fun\twodee_bitwise\robust\puzzle.go:70.2,70.17 1 5
github.com\joshprzybyszewski\sudoku_fun\twodee_bitwise\robust\puzzle.go:46.32,49.43 2 407
github.com\joshprzybyszewski\sudoku_fun\twodee_bitwise\robust\puzzle.go:53.3,54.17 2 138
github.com\joshprzybyszewski\sudoku_fun\twodee_bitwise\robust\puzzle.go:58.3,62.17 5 138
github.com\joshprzybyszewski\sudoku_fun\twodee_bitwise\robust\puzzle.go:65.3,65.17 1 137
github.com\joshprzybyszewski\sudoku_fun\twodee_bitwise\robust\puzzle.go:49.43,50.12 1 269
github.com\joshprzybyszewski\sudoku_fun\twodee_bitwise\robust\puzzle.go:54.17,56.4 1 0
github.com\joshprzybyszewski\sudoku_fun\twodee_bitwise\robust\puzzle.go:62.17,64.4 1 1
github.com\joshprzybyszewski\sudoku_fun\twodee_bitwise\robust\puzzle.go:65.17,67.4 1 0
github.com\joshprzybyszewski\sudoku_fun\twodee_bitwise\robust\puzzle.go:73.40,75.2 1 4
github.com\joshprzybyszewski\sudoku_fun\twodee_bitwise\robust\puzzle.go:76.36,79.25 2 6
github.com\joshprzybyszewski\sudoku_fun\twodee_bitwise\robust\puzzle.go:89.2,89.13 1 6
github.com\joshprzybyszewski\sudoku_fun\twodee_bitwise\robust\puzzle.go:79.25,80.29 1 54
github.com\joshprzybyszewski\sudoku_fun\twodee_bitwise\robust\puzzle.go:80.29,81.44 1 486
github.com\joshprzybyszewski\sudoku_fun\twodee_bitwise\robust\puzzle.go:81.44,83.5 1 112
github.com\joshprzybyszewski\sudoku_fun\twodee_bitwise\robust\puzzle.go:83.5,85.5 1 374
github.com\joshprzybyszewski\sudoku_fun\twodee_bitwise\robust\puzzle.go:91.31,93.2 1 0
github.com\joshprzybyszewski\sudoku_fun\twodee_bitwise\robust\puzzle.go:94.31,95.25 1 0
github.com\joshprzybyszewski\sudoku_fun\twodee_bitwise\robust\puzzle.go:95.25,98.29 2 0
github.com\joshprzybyszewski\sudoku_fun\twodee_bitwise\robust\puzzle.go:114.3,116.23 2 0
github.com\joshprzybyszewski\sudoku_fun\twodee_bitwise\robust\puzzle.go:98.29,101.44 2 0
github.com\joshprzybyszewski\sudoku_fun\twodee_bitwise\robust\puzzle.go:107.4,109.24 2 0
github.com\joshprzybyszewski\sudoku_fun\twodee_bitwise\robust\puzzle.go:101.44,103.5 1 0
github.com\joshprzybyszewski\sudoku_fun\twodee_bitwise\robust\puzzle.go:103.5,105.5 1 0
github.com\joshprzybyszewski\sudoku_fun\twodee_bitwise\robust\puzzle.go:109.24,111.5 1 0
github.com\joshprzybyszewski\sudoku_fun\twodee_bitwise\robust\puzzle.go:116.23,118.4 1 0
github.com\joshprzybyszewski\sudoku_fun\twodee_bitwise\robust\puzzle.go:121.60,125.2 2 2
github.com\joshprzybyszewski\sudoku_fun\twodee_bitwise\robust\puzzle.go:127.34,133.2 3 7757
github.com\joshprzybyszewski\sudoku_fun\twodee_bitwise\robust\puzzle.go:135.96,137.16 2 7758
github.com\joshprzybyszewski\sudoku_fun\twodee_bitwise\robust\puzzle.go:141.2,142.16 2 7758
github.com\joshprzybyszewski\sudoku_fun\twodee_bitwise\robust\puzzle.go:146.2,146.23 1 5599
github.com\joshprzybyszewski\sudoku_fun\twodee_bitwise\robust\puzzle.go:150.2,150.36 1 5599
github.com\joshprzybyszewski\sudoku_fun\twodee_bitwise\robust\puzzle.go:137.16,139.3 1 0
github.com\joshprzybyszewski\sudoku_fun\twodee_bitwise\robust\puzzle.go:142.16,144.3 1 2159
github.com\joshprzybyszewski\sudoku_fun\twodee_bitwise\robust\puzzle.go:146.23,148.3 1 0
github.com\joshprzybyszewski\sudoku_fun\twodee_bitwise\robust\puzzle.go:153.71,158.23 4 7758
github.com\joshprzybyszewski\sudoku_fun\twodee_bitwise\robust\puzzle.go:162.2,162.21 1 5599
github.com\joshprzybyszewski\sudoku_fun\twodee_bitwise\robust\puzzle.go:158.23,160.3 1 2159
github.com\joshprzybyszewski\sudoku_fun\twodee_bitwise\robust\puzzle.go:165.64,170.41 4 7760
github.com\joshprzybyszewski\sudoku_fun\twodee_bitwise\robust\puzzle.go:175.2,175.21 1 7760
github.com\joshprzybyszewski\sudoku_fun\twodee_bitwise\robust\puzzle.go:178.2,178.21 1 7760
github.com\joshprzybyszewski\sudoku_fun\twodee_bitwise\robust\puzzle.go:182.2,182.31 1 7760
github.com\joshprzybyszewski\sudoku_fun\twodee_bitwise\robust\puzzle.go:188.2,188.21 1 7760
github.com\joshprzybyszewski\sudoku_fun\twodee_bitwise\robust\puzzle.go:191.2,191.21 1 7760
github.com\joshprzybyszewski\sudoku_fun\twodee_bitwise\robust\puzzle.go:194.2,194.21 1 7760
github.com\joshprzybyszewski\sudoku_fun\twodee_bitwise\robust\puzzle.go:198.2,198.66 1 7760
github.com\joshprzybyszewski\sudoku_fun\twodee_bitwise\robust\puzzle.go:170.41,173.3 2 69840
github.com\joshprzybyszewski\sudoku_fun\twodee_bitwise\robust\puzzle.go:175.21,177.3 1 0
github.com\joshprzybyszewski\sudoku_fun\twodee_bitwise\robust\puzzle.go:178.21,180.3 1 0
github.com\joshprzybyszewski\sudoku_fun\twodee_bitwise\robust\puzzle.go:182.31,184.3 1 3531
github.com\joshprzybyszewski\sudoku_fun\twodee_bitwise\robust\puzzle.go:184.3,186.3 1 4229
github.com\joshprzybyszewski\sudoku_fun\twodee_bitwise\robust\puzzle.go:188.21,190.3 1 0
github.com\joshprzybyszewski\sudoku_fun\twodee_bitwise\robust\puzzle.go:191.21,193.3 1 0
github.com\joshprzybyszewski\sudoku_fun\twodee_bitwise\robust\puzzle.go:194.21,196.3 1 0
github.com\joshprzybyszewski\sudoku_fun\twodee_bitwise\robust\puzzle.go:200.78,203.32 2 3531
github.com\joshprzybyszewski\sudoku_fun\twodee_bitwise\robust\puzzle.go:203.32,204.54 1 31779
github.com\joshprzybyszewski\sudoku_fun\twodee_bitwise\robust\puzzle.go:208.3,208.46 1 8089
github.com\joshprzybyszewski\sudoku_fun\twodee_bitwise\robust\puzzle.go:212.3,214.29 2 4588
github.com\joshprzybyszewski\sudoku_fun\twodee_bitwise\robust\puzzle.go:218.3,219.43 2 4588
github.com\joshprzybyszewski\sudoku_fun\twodee_bitwise\robust\puzzle.go:204.54,205.12 1 23690
github.com\joshprzybyszewski\sudoku_fun\twodee_bitwise\robust\puzzle.go:208.46,209.12 1 3501
github.com\joshprzybyszewski\sudoku_fun\twodee_bitwise\robust\puzzle.go:214.29,215.12 1 0
github.com\joshprzybyszewski\sudoku_fun\twodee_bitwise\robust\puzzle.go:222.78,225.32 2 4229
github.com\joshprzybyszewski\sudoku_fun\twodee_bitwise\robust\puzzle.go:225.32,226.54 1 38061
github.com\joshprzybyszewski\sudoku_fun\twodee_bitwise\robust\puzzle.go:230.3,230.46 1 8794
github.com\joshprzybyszewski\sudoku_fun\twodee_bitwise\robust\puzzle.go:234.3,236.29 2 5011
github.com\joshprzybyszewski\sudoku_fun\twodee_bitwise\robust\puzzle.go:240.3,241.43 2 5011
github.com\joshprzybyszewski\sudoku_fun\twodee_bitwise\robust\puzzle.go:226.54,227.12 1 29267
github.com\joshprzybyszewski\sudoku_fun\twodee_bitwise\robust\puzzle.go:230.46,231.12 1 3783
github.com\joshprzybyszewski\sudoku_fun\twodee_bitwise\robust\puzzle.go:236.29,237.12 1 0
github.com\joshprzybyszewski\sudoku_fun\twodee_bitwise\robust\puzzle.go:245.76,250.67 3 7899
github.com\joshprzybyszewski\sudoku_fun\twodee_bitwise\robust\puzzle.go:254.2,266.18 9 7894
github.com\joshprzybyszewski\sudoku_fun\twodee_bitwise\robust\puzzle.go:250.67,252.3 1 5
github.com\joshprzybyszewski\sudoku_fun\twodee_bitwise\robust\puzzle.go:269.84,270.46 1 7899
github.com\joshprzybyszewski\sudoku_fun\twodee_bitwise\robust\puzzle.go:274.2,274.42 1 7898
github.com\joshprzybyszewski\sudoku_fun\twodee_bitwise\robust\puzzle.go:278.2,278.45 1 7898
github.com\joshprzybyszewski\sudoku_fun\twodee_bitwise\robust\puzzle.go:282.2,282.45 1 7896
github.com\joshprzybyszewski\sudoku_fun\twodee_bitwise\robust\puzzle.go:286.2,286.45 1 7895
github.com\joshprzybyszewski\sudoku_fun\twodee_bitwise\robust\puzzle.go:290.2,290.12 1 7894
github.com\joshprzybyszewski\sudoku_fun\twodee_bitwise\robust\puzzle.go:270.46,272.3 1 1
github.com\joshprzybyszewski\sudoku_fun\twodee_bitwise\robust\puzzle.go:274.42,276.3 1 0
github.com\joshprzybyszewski\sudoku_fun\twodee_bitwise\robust\puzzle.go:278.45,280.3 1 2
github.com\joshprzybyszewski\sudoku_fun\twodee_bitwise\robust\puzzle.go:282.45,284.3 1 1
github.com\joshprzybyszewski\sudoku_fun\twodee_bitwise\robust\puzzle.go:286.45,288.3 1 1
github.com\joshprzybyszewski\sudoku_fun\twodee_bitwise\robust\puzzle.go:293.56,295.16 2 7756
github.com\joshprzybyszewski\sudoku_fun\twodee_bitwise\robust\puzzle.go:300.2,300.32 1 5597
github.com\joshprzybyszewski\sudoku_fun\twodee_bitwise\robust\puzzle.go:325.2,325.48 1 5485
github.com\joshprzybyszewski\sudoku_fun\twodee_bitwise\robust\puzzle.go:295.16,298.3 1 2159
github.com\joshprzybyszewski\sudoku_fun\twodee_bitwise\robust\puzzle.go:300.32,304.17 3 7756
github.com\joshprzybyszewski\sudoku_fun\twodee_bitwise\robust\puzzle.go:309.3,309.16 1 7756
github.com\joshprzybyszewski\sudoku_fun\twodee_bitwise\robust\puzzle.go:304.17,307.4 2 0
github.com\joshprzybyszewski\sudoku_fun\twodee_bitwise\robust\puzzle.go:309.16,310.46 1 7756
github.com\joshprzybyszewski\sudoku_fun\twodee_bitwise\robust\puzzle.go:314.4,315.18 2 7754
github.com\joshprzybyszewski\sudoku_fun\twodee_bitwise\robust\puzzle.go:319.4,319.28 1 110
github.com\joshprzybyszewski\sudoku_fun\twodee_bitwise\robust\puzzle.go:310.46,312.5 1 2
github.com\joshprzybyszewski\sudoku_fun\twodee_bitwise\robust\puzzle.go:315.18,316.13 1 7644
github.com\joshprzybyszewski\sudoku_fun\twodee_bitwise\robust\puzzle.go:319.28,321.5 1 110
github.com\joshprzybyszewski\sudoku_fun\twodee_bitwise\smart\puzzle.go:12.105,16.16 3 7758
github.com\joshprzybyszewski\sudoku_fun\twodee_bitwise\smart\puzzle.go:20.2,20.36 1 5599
github.com\joshprzybyszewski\sudoku_fun\twodee_bitwise\smart\puzzle.go:16.16,18.3 1 2159
github.com\joshprzybyszewski\sudoku_fun\twodee_bitwise\smart\puzzle.go:23.73,28.41 4 7760
github.com\joshprzybyszewski\sudoku_fun\twodee_bitwise\smart\puzzle.go:33.2,33.40 1 7760
github.com\joshprzybyszewski\sudoku_fun\twodee_bitwise\smart\puzzle.go:37.2,37.31 1 7760
github.com\joshprzybyszewski\sudoku_fun\twodee_bitwise\smart\puzzle.go:43.2,43.66 1 7760
github.com\joshprzybyszewski\sudoku_fun\twodee_bitwise\smart\puzzle.go:28.41,31.3 2 69840
github.com\joshprzybyszewski\sudoku_fun\twodee_bitwise\smart\puzzle.go:33.40,35.3 1 0
github.com\joshprzybyszewski\sudoku_fun\twodee_bitwise\smart\puzzle.go:37.31,39.3 1 3531
github.com\joshprzybyszewski\sudoku_fun\twodee_bitwise\smart\puzzle.go:39.3,41.3 1 4229
github.com\joshprzybyszewski\sudoku_fun\twodee_bitwise\smart\puzzle.go:45.89,48.32 2 3531
github.com\joshprzybyszewski\sudoku_fun\twodee_bitwise\smart\puzzle.go:48.32,49.54 1 31779
github.com\joshprzybyszewski\sudoku_fun\twodee_bitwise\smart\puzzle.go:53.3,53.46 1 8089
github.com\joshprzybyszewski\sudoku_fun\twodee_bitwise\smart\puzzle.go:57.3,59.29 2 4588
github.com\joshprzybyszewski\sudoku_fun\twodee_bitwise\smart\puzzle.go:63.3,64.43 2 4588
github.com\joshprzybyszewski\sudoku_fun\twodee_bitwise\smart\puzzle.go:49.54,50.12 1 23690
github.com\joshprzybyszewski\sudoku_fun\twodee_bitwise\smart\puzzle.go:53.46,54.12 1 3501
github.com\joshprzybyszewski\sudoku_fun\twodee_bitwise\smart\puzzle.go:59.29,60.12 1 0
github.com\joshprzybyszewski\sudoku_fun\twodee_bitwise\smart\puzzle.go:67.89,70.32 2 4229
github.com\joshprzybyszewski\sudoku_fun\twodee_bitwise\smart\puzzle.go:70.32,71.54 1 38061
github.com\joshprzybyszewski\sudoku_fun\twodee_bitwise\smart\puzzle.go:75.3,75.46 1 8794
github.com\joshprzybyszewski\sudoku_fun\twodee_bitwise\smart\puzzle.go:79.3,81.29 2 5011
github.com\joshprzybyszewski\sudoku_fun\twodee_bitwise\smart\puzzle.go:85.3,86.43 2 5011
github.com\joshprzybyszewski\sudoku_fun\twodee_bitwise\smart\puzzle.go:71.54,72.12 1 29267
github.com\joshprzybyszewski\sudoku_fun\twodee_bitwise\smart\puzzle.go:75.46,76.12 1 3783
github.com\joshprzybyszewski\sudoku_fun\twodee_bitwise\smart\puzzle.go:81.29,82.12 1 0
github.com\joshprzybyszewski\sudoku_fun\twodee_bitwise\smart\puzzle.go:90.82,93.23 2 7758
github.com\joshprzybyszewski\sudoku_fun\twodee_bitwise\smart\puzzle.go:97.2,97.21 1 5599
github.com\joshprzybyszewski\sudoku_fun\twodee_bitwise\smart\puzzle.go:93.23,95.3 1 2159
github.com\joshprzybyszewski\sudoku_fun\twodee_bitwise\smart\puzzle.go:100.77,103.16 2 7756
github.com\joshprzybyszewski\sudoku_fun\twodee_bitwise\smart\puzzle.go:108.2,108.32 1 5597
github.com\joshprzybyszewski\sudoku_fun\twodee_bitwise\smart\puzzle.go:126.2,126.48 1 5485
github.com\joshprzybyszewski\sudoku_fun\twodee_bitwise\smart\puzzle.go:103.16,106.3 1 2159
github.com\joshprzybyszewski\sudoku_fun\twodee_bitwise\smart\puzzle.go:108.32,113.16 3 7756
github.com\joshprzybyszewski\sudoku_fun\twodee_bitwise\smart\puzzle.go:113.16,114.46 1 7756
github.com\joshprzybyszewski\sudoku_fun\twodee_bitwise\smart\puzzle.go:118.4,120.28 2 7754
github.com\joshprzybyszewski\sudoku_fun\twodee_bitwise\smart\puzzle.go:114.46,116.5 1 2
github.com\joshprzybyszewski\sudoku_fun\twodee_bitwise\smart\puzzle.go:120.28,122.5 1 110
github.com\joshprzybyszewski\sudoku_fun\twodee_bitwise\verysmart\puzzle.go:12.114,17.25 4 520
github.com\joshprzybyszewski\sudoku_fun\twodee_bitwise\verysmart\puzzle.go:41.2,41.56 1 36
github.com\joshprzybyszewski\sudoku_fun\twodee_bitwise\verysmart\puzzle.go:17.25,18.29 1 2659
github.com\joshprzybyszewski\sudoku_fun\twodee_bitwise\verysmart\puzzle.go:18.29,19.44 1 22002
github.com\joshprzybyszewski\sudoku_fun\twodee_bitwise\verysmart\puzzle.go:23.4,26.22 3 5527
github.com\joshprzybyszewski\sudoku_fun\twodee_bitwise\verysmart\puzzle.go:19.44,20.13 1 16475
github.com\joshprzybyszewski\sudoku_fun\twodee_bitwise\verysmart\puzzle.go:26.22,28.5 1 28
github.com\joshprzybyszewski\sudoku_fun\twodee_bitwise\verysmart\puzzle.go:28.5,28.29 1 5499
github.com\joshprzybyszewski\sudoku_fun\twodee_bitwise\verysmart\puzzle.go:28.29,30.5 1 456
github.com\joshprzybyszewski\sudoku_fun\twodee_bitwise\verysmart\puzzle.go:30.5,30.40 1 5043
github.com\joshprzybyszewski\sudoku_fun\twodee_bitwise\verysmart\puzzle.go:30.40,37.5 5 474
github.com\joshprzybyszewski\sudoku_fun\twodee_bitwise\verysmart\puzzle.go:44.77,47.16 2 518
github.com\joshprzybyszewski\sudoku_fun\twodee_bitwise\verysmart\puzzle.go:52.2,52.32 1 490
github.com\joshprzybyszewski\sudoku_fun\twodee_bitwise\verysmart\puzzle.go:70.2,70.48 1 378
github.com\joshprzybyszewski\sudoku_fun\twodee_bitwise\verysmart\puzzle.go:47.16,50.3 1 28
github.com\joshprzybyszewski\sudoku_fun\twodee_bitwise\verysmart\puzzle.go:52.32,57.16 3 518
github.com\joshprzybyszewski\sudoku_fun\twodee_bitwise\verysmart\puzzle.go:57.16,58.46 1 518
github.com\joshprzybyszewski\sudoku_fun\twodee_bitwise\verysmart\puzzle.go:62.4,64.28 2 516
github.com\joshprzybyszewski\sudoku_fun\twodee_bitwise\verysmart\puzzle.go:58.46,60.5 1 2
github.com\joshprzybyszewski\sudoku_fun\twodee_bitwise\verysmart\puzzle.go:64.28,66.5 1 110
github.com\joshprzybyszewski\sudoku_fun\utils\utils.go:9.45,11.38 2 1
github.com\joshprzybyszewski\sudoku_fun\utils\utils.go:25.2,25.25 1 1
github.com\joshprzybyszewski\sudoku_fun\utils\utils.go:50.2,50.13 1 1
github.com\joshprzybyszewski\sudoku_fun\utils\utils.go:11.38,15.57 3 81
github.com\joshprzybyszewski\sudoku_fun\utils\utils.go:19.3,22.28 3 81
github.com\joshprzybyszewski\sudoku_fun\utils\utils.go:15.57,17.4 1 0
github.com\joshprzybyszewski\sudoku_fun\utils\utils.go:25.25,26.29 1 9
github.com\joshprzybyszewski\sudoku_fun\utils\utils.go:26.29,31.43 4 81
github.com\joshprzybyszewski\sudoku_fun\utils\utils.go:31.43,32.41 1 729
github.com\joshprzybyszewski\sudoku_fun\utils\utils.go:36.5,36.41 1 729
github.com\joshprzybyszewski\sudoku_fun\utils\utils.go:40.5,43.83 3 729
github.com\joshprzybyszewski\sudoku_fun\utils\utils.go:32.41,34.6 1 0
github.com\joshprzybyszewski\sudoku_fun\utils\utils.go:36.41,38.6 1 0
github.com\joshprzybyszewski\sudoku_fun\utils\utils.go:43.83,45.6 1 0
github.com\joshprzybyszewski\sudoku_fun\utils\slow\slow_utils.go:11.87,13.32 2 5
github.com\joshprzybyszewski\sudoku_fun\utils\slow\slow_utils.go:19.2,19.19 1 5
github.com\joshprzybyszewski\sudoku_fun\utils\slow\slow_utils.go:13.32,15.38 2 45
github.com\joshprzybyszewski\sudoku_fun\utils\slow\slow_utils.go:15.38,17.4 1 28
github.com\joshprzybyszewski\sudoku_fun\utils\slow\slow_utils.go:22.51,23.45 1 70
github.com\joshprzybyszewski\sudoku_fun\utils\slow\slow_utils.go:27.2,27.43 1 67
github.com\joshprzybyszewski\sudoku_fun\utils\slow\slow_utils.go:23.45,25.3 1 3
github.com\joshprzybyszewski\sudoku_fun\utils\slow\slow_utils.go:30.61,32.2 1 50
github.com\joshprzybyszewski\sudoku_fun\utils\slow\slow_utils.go:34.40,36.39 1 85
github.com\joshprzybyszewski\sudoku_fun\utils\slow\slow_utils.go:44.2,46.17 2 81
github.com\joshprzybyszewski\sudoku_fun\utils\slow\slow_utils.go:36.39,38.3 1 4
github.com\joshprzybyszewski\sudoku_fun\utils\slow\slow_utils.go:49.51,52.42 2 0
github.com\joshprzybyszewski\sudoku_fun\utils\slow\slow_utils.go:59.2,59.16 1 0
github.com\joshprzybyszewski\sudoku_fun\utils\slow\slow_utils.go:52.42,54.38 2 0
github.com\joshprzybyszewski\sudoku_fun\utils\slow\slow_utils.go:54.38,56.4 1 0
github.com\joshprzybyszewski\sudoku_fun\utils\slow\slow_utils.go:62.40,64.2 1 0
github.com\joshprzybyszewski\sudoku_fun\utils\slow\slow_utils.go:66.46,68.2 1 0
github.com\joshprzybyszewski\sudoku_fun\utils\speed\speed_utils.go:42.18,43.12 1 0
github.com\joshprzybyszewski\sudoku_fun\utils\speed\speed_utils.go:46.2,46.63 1 0
github.com\joshprzybyszewski\sudoku_fun\utils\speed\speed_utils.go:52.2,52.15 1 0
github.com\joshprzybyszewski\sudoku_fun\utils\speed\speed_utils.go:43.12,45.3 1 0
github.com\joshprzybyszewski\sudoku_fun\utils\speed\speed_utils.go:46.63,51.3 1 0
github.com\joshprzybyszewski\sudoku_fun\utils\speed\speed_utils.go:55.82,58.2 2 0
github.com\joshprzybyszewski\sudoku_fun\utils\speed\speed_utils.go:60.87,62.32 2 5
github.com\joshprzybyszewski\sudoku_fun\utils\speed\speed_utils.go:68.2,68.19 1 5
github.com\joshprzybyszewski\sudoku_fun\utils\speed\speed_utils.go:62.32,64.38 2 45
github.com\joshprzybyszewski\sudoku_fun\utils\speed\speed_utils.go:64.38,66.4 1 28
github.com\joshprzybyszewski\sudoku_fun\utils\speed\speed_utils.go:71.79,75.39 3 5
github.com\joshprzybyszewski\sudoku_fun\utils\speed\speed_utils.go:78.2,78.39 1 5
github.com\joshprzybyszewski\sudoku_fun\utils\speed\speed_utils.go:81.2,81.41 1 5
github.com\joshprzybyszewski\sudoku_fun\utils\speed\speed_utils.go:84.2,84.40 1 5
github.com\joshprzybyszewski\sudoku_fun\utils\speed\speed_utils.go:87.2,87.40 1 5
github.com\joshprzybyszewski\sudoku_fun\utils\speed\speed_utils.go:90.2,90.39 1 5
github.com\joshprzybyszewski\sudoku_fun\utils\speed\speed_utils.go:93.2,93.41 1 5
github.com\joshprzybyszewski\sudoku_fun\utils\speed\speed_utils.go:96.2,96.41 1 5
github.com\joshprzybyszewski\sudoku_fun\utils\speed\speed_utils.go:99.2,99.40 1 5
github.com\joshprzybyszewski\sudoku_fun\utils\speed\speed_utils.go:103.2,103.19 1 5
github.com\joshprzybyszewski\sudoku_fun\utils\speed\speed_utils.go:75.39,77.3 1 3
github.com\joshprzybyszewski\sudoku_fun\utils\speed\speed_utils.go:78.39,80.3 1 3
github.com\joshprzybyszewski\sudoku_fun\utils\speed\speed_utils.go:81.41,83.3 1 4
github.com\joshprzybyszewski\sudoku_fun\utils\speed\speed_utils.go:84.40,86.3 1 4
github.com\joshprzybyszewski\sudoku_fun\utils\speed\speed_utils.go:87.40,89.3 1 2
github.com\joshprzybyszewski\sudoku_fun\utils\speed\speed_utils.go:90.39,92.3 1 3
github.com\joshprzybyszewski\sudoku_fun\utils\speed\speed_utils.go:93.41,95.3 1 3
github.com\joshprzybyszewski\sudoku_fun\utils\speed\speed_utils.go:96.41,98.3 1 3
github.com\joshprzybyszewski\sudoku_fun\utils\speed\speed_utils.go:99.40,101.3 1 3
github.com\joshprzybyszewski\sudoku_fun\utils\speed\speed_utils.go:106.51,108.2 1 88
github.com\joshprzybyszewski\sudoku_fun\utils\speed\speed_utils.go:110.61,112.2 1 95
github.com\joshprzybyszewski\sudoku_fun\utils\speed\speed_utils.go:114.40,116.2 1 85
github.com\joshprzybyszewski\sudoku_fun\utils\speed\speed_utils.go:118.51,121.47 2 0
github.com\joshprzybyszewski\sudoku_fun\utils\speed\speed_utils.go:127.2,127.16 1 0
github.com\joshprzybyszewski\sudoku_fun\utils\speed\speed_utils.go:121.47,122.38 1 0
github.com\joshprzybyszewski\sudoku_fun\utils\speed\speed_utils.go:122.38,124.4 1 0
